<?xml version="1.0" encoding="UTF-8"?>
<!-- Generated by org.testng.reporters.JUnitReportReporter -->
<testsuite hostname="AGRNT-WS-002" failures="0" tests="1" name="Datadriven.excelDataProvider.excel" time="0.376" errors="0" timestamp="2022-09-01T18:29:47 IST" skipped="0">
  <testcase classname="Datadriven.excelDataProvider.excel" name="getexcel" time="0.376"/>
  <system-out/>
</testsuite> <!-- Datadriven.excelDataProvider.excel -->
