<?xml version="1.0" encoding="UTF-8"?>
<!-- Generated by org.testng.reporters.JUnitReportReporter -->
<testsuite hostname="AGRNT-WS-002" failures="0" tests="4" name="Datadriven.excelDataProvider.DataProvidee" time="0.006" errors="0" timestamp="2022-09-01T18:46:21 IST" skipped="0">
  <testcase classname="Datadriven.excelDataProvider.DataProvidee" name="testCaseData" time="0.001"/>
  <system-out/>
  <testcase classname="Datadriven.excelDataProvider.DataProvidee" name="testCaseData" time="0.001"/>
  <system-out/>
  <testcase classname="Datadriven.excelDataProvider.DataProvidee" name="testCaseData" time="0.003"/>
  <system-out/>
  <testcase classname="Datadriven.excelDataProvider.DataProvidee" name="testCaseData" time="0.001"/>
  <system-out/>
</testsuite> <!-- Datadriven.excelDataProvider.DataProvidee -->
