<?xml version="1.0" encoding="UTF-8"?>
<!-- Generated by org.testng.reporters.JUnitReportReporter -->
<testsuite hostname="AGRNT-WS-002" failures="0" tests="3" name="Datadriven.excelDataProvider.dataProvide" time="0.004" errors="0" timestamp="2022-09-01T11:57:42 IST" skipped="0">
  <testcase classname="Datadriven.excelDataProvider.dataProvide" name="testCaseData" time="0.003"/>
  <system-out/>
  <testcase classname="Datadriven.excelDataProvider.dataProvide" name="testCaseData" time="0.000"/>
  <system-out/>
  <testcase classname="Datadriven.excelDataProvider.dataProvide" name="testCaseData" time="0.001"/>
  <system-out/>
</testsuite> <!-- Datadriven.excelDataProvider.dataProvide -->
